Build started 7/5/2017 2:15:40 PM.
     1>Project "S:\apps\dual_test\Voreen\FionaVoreen.vcxproj" on node 2 (Build target(s)).
     1>ClCompile:
         C:\Program Files (x86)\Microsoft Visual Studio 12.0\VC\bin\x86_amd64\CL.exe /c /I.\SDK\include /I.\SDK\include\ext /I..\FionaLib\include /I..\FionaLib /Zi /nologo /W3 /WX- /Od /D WIN32 /D _DEBUG /D _CONSOLE /D _MBCS /Gm /EHsc /RTC1 /MDd /GS /fp:precise /Zc:wchar_t /Zc:forScope /Fo"x64\Debug\\" /Fd"x64\Debug\vc120.pdb" /Gd /TP /errorReport:prompt FionaVoreen.cpp
         FionaVoreen.cpp
     1>S:\apps\dual_test\Voreen\SDK\include\voreen/core/io/serialization/xmlserializerbase.h(82): warning C4290: C++ exception specification ignored except to indicate a function is not __declspec(nothrow)
     1>S:\apps\dual_test\Voreen\SDK\include\voreen/core/io/serialization/xmlserializerbase.h(352): warning C4290: C++ exception specification ignored except to indicate a function is not __declspec(nothrow)
     1>S:\apps\dual_test\Voreen\SDK\include\voreen/core/io/serialization/xmlserializer.h(134): warning C4290: C++ exception specification ignored except to indicate a function is not __declspec(nothrow)
     1>S:\apps\dual_test\Voreen\SDK\include\voreen/core/io/serialization/xmlserializer.h(144): warning C4290: C++ exception specification ignored except to indicate a function is not __declspec(nothrow)
     1>S:\apps\dual_test\Voreen\SDK\include\voreen/core/io/serialization/xmlserializer.h(149): warning C4290: C++ exception specification ignored except to indicate a function is not __declspec(nothrow)
     1>S:\apps\dual_test\Voreen\SDK\include\voreen/core/io/serialization/xmlserializer.h(162): warning C4290: C++ exception specification ignored except to indicate a function is not __declspec(nothrow)
     1>S:\apps\dual_test\Voreen\SDK\include\voreen/core/io/serialization/xmlserializer.h(174): warning C4290: C++ exception specification ignored except to indicate a function is not __declspec(nothrow)
     1>S:\apps\dual_test\Voreen\SDK\include\voreen/core/io/serialization/xmlserializer.h(186): warning C4290: C++ exception specification ignored except to indicate a function is not __declspec(nothrow)
     1>S:\apps\dual_test\Voreen\SDK\include\voreen/core/io/serialization/xmlserializer.h(198): warning C4290: C++ exception specification ignored except to indicate a function is not __declspec(nothrow)
     1>S:\apps\dual_test\Voreen\SDK\include\voreen/core/io/serialization/xmlserializer.h(210): warning C4290: C++ exception specification ignored except to indicate a function is not __declspec(nothrow)
     1>S:\apps\dual_test\Voreen\SDK\include\voreen/core/io/serialization/xmlserializer.h(222): warning C4290: C++ exception specification ignored except to indicate a function is not __declspec(nothrow)
     1>S:\apps\dual_test\Voreen\SDK\include\voreen/core/io/serialization/xmlserializer.h(234): warning C4290: C++ exception specification ignored except to indicate a function is not __declspec(nothrow)
     1>S:\apps\dual_test\Voreen\SDK\include\voreen/core/io/serialization/xmlserializer.h(246): warning C4290: C++ exception specification ignored except to indicate a function is not __declspec(nothrow)
     1>S:\apps\dual_test\Voreen\SDK\include\voreen/core/io/serialization/xmlserializer.h(258): warning C4290: C++ exception specification ignored except to indicate a function is not __declspec(nothrow)
     1>S:\apps\dual_test\Voreen\SDK\include\voreen/core/io/serialization/xmlserializer.h(285): warning C4290: C++ exception specification ignored except to indicate a function is not __declspec(nothrow)
     1>S:\apps\dual_test\Voreen\SDK\include\voreen/core/io/serialization/xmlserializer.h(297): warning C4290: C++ exception specification ignored except to indicate a function is not __declspec(nothrow)
     1>S:\apps\dual_test\Voreen\SDK\include\voreen/core/io/serialization/xmlserializer.h(309): warning C4290: C++ exception specification ignored except to indicate a function is not __declspec(nothrow)
     1>S:\apps\dual_test\Voreen\SDK\include\voreen/core/io/serialization/xmlserializer.h(321): warning C4290: C++ exception specification ignored except to indicate a function is not __declspec(nothrow)
     1>S:\apps\dual_test\Voreen\SDK\include\voreen/core/io/serialization/xmlserializer.h(333): warning C4290: C++ exception specification ignored except to indicate a function is not __declspec(nothrow)
     1>S:\apps\dual_test\Voreen\SDK\include\voreen/core/io/serialization/xmlserializer.h(345): warning C4290: C++ exception specification ignored except to indicate a function is not __declspec(nothrow)
     1>S:\apps\dual_test\Voreen\SDK\include\voreen/core/io/serialization/xmlserializer.h(354): warning C4290: C++ exception specification ignored except to indicate a function is not __declspec(nothrow)
     1>S:\apps\dual_test\Voreen\SDK\include\voreen/core/io/serialization/xmlserializer.h(363): warning C4290: C++ exception specification ignored except to indicate a function is not __declspec(nothrow)
     1>S:\apps\dual_test\Voreen\SDK\include\voreen/core/io/serialization/xmlserializer.h(372): warning C4290: C++ exception specification ignored except to indicate a function is not __declspec(nothrow)
     1>S:\apps\dual_test\Voreen\SDK\include\voreen/core/io/serialization/xmlserializer.h(381): warning C4290: C++ exception specification ignored except to indicate a function is not __declspec(nothrow)
     1>S:\apps\dual_test\Voreen\SDK\include\voreen/core/io/serialization/xmlserializer.h(390): warning C4290: C++ exception specification ignored except to indicate a function is not __declspec(nothrow)
     1>S:\apps\dual_test\Voreen\SDK\include\voreen/core/io/serialization/xmlserializer.h(399): warning C4290: C++ exception specification ignored except to indicate a function is not __declspec(nothrow)
     1>S:\apps\dual_test\Voreen\SDK\include\voreen/core/io/serialization/xmlserializer.h(408): warning C4290: C++ exception specification ignored except to indicate a function is not __declspec(nothrow)
     1>S:\apps\dual_test\Voreen\SDK\include\voreen/core/io/serialization/xmlserializer.h(417): warning C4290: C++ exception specification ignored except to indicate a function is not __declspec(nothrow)
     1>S:\apps\dual_test\Voreen\SDK\include\voreen/core/io/serialization/xmlserializer.h(426): warning C4290: C++ exception specification ignored except to indicate a function is not __declspec(nothrow)
     1>S:\apps\dual_test\Voreen\SDK\include\voreen/core/io/serialization/xmlserializer.h(435): warning C4290: C++ exception specification ignored except to indicate a function is not __declspec(nothrow)
     1>S:\apps\dual_test\Voreen\SDK\include\voreen/core/io/serialization/xmlserializer.h(444): warning C4290: C++ exception specification ignored except to indicate a function is not __declspec(nothrow)
     1>S:\apps\dual_test\Voreen\SDK\include\voreen/core/io/serialization/xmlserializer.h(453): warning C4290: C++ exception specification ignored except to indicate a function is not __declspec(nothrow)
     1>S:\apps\dual_test\Voreen\SDK\include\voreen/core/io/serialization/xmlserializer.h(462): warning C4290: C++ exception specification ignored except to indicate a function is not __declspec(nothrow)
     1>S:\apps\dual_test\Voreen\SDK\include\voreen/core/io/serialization/xmlserializer.h(471): warning C4290: C++ exception specification ignored except to indicate a function is not __declspec(nothrow)
     1>S:\apps\dual_test\Voreen\SDK\include\voreen/core/io/serialization/xmlserializer.h(480): warning C4290: C++ exception specification ignored except to indicate a function is not __declspec(nothrow)
     1>S:\apps\dual_test\Voreen\SDK\include\voreen/core/io/serialization/xmlserializer.h(489): warning C4290: C++ exception specification ignored except to indicate a function is not __declspec(nothrow)
     1>S:\apps\dual_test\Voreen\SDK\include\voreen/core/io/serialization/xmlserializer.h(498): warning C4290: C++ exception specification ignored except to indicate a function is not __declspec(nothrow)
     1>S:\apps\dual_test\Voreen\SDK\include\voreen/core/io/serialization/xmlserializer.h(513): warning C4290: C++ exception specification ignored except to indicate a function is not __declspec(nothrow)
     1>S:\apps\dual_test\Voreen\SDK\include\voreen/core/io/serialization/xmlserializer.h(525): warning C4290: C++ exception specification ignored except to indicate a function is not __declspec(nothrow)
     1>S:\apps\dual_test\Voreen\SDK\include\voreen/core/io/serialization/xmlserializer.h(541): warning C4290: C++ exception specification ignored except to indicate a function is not __declspec(nothrow)
     1>S:\apps\dual_test\Voreen\SDK\include\voreen/core/io/serialization/xmlserializer.h(563): warning C4290: C++ exception specification ignored except to indicate a function is not __declspec(nothrow)
     1>S:\apps\dual_test\Voreen\SDK\include\voreen/core/io/serialization/xmlserializer.h(585): warning C4290: C++ exception specification ignored except to indicate a function is not __declspec(nothrow)
     1>S:\apps\dual_test\Voreen\SDK\include\voreen/core/io/serialization/xmlserializer.h(607): warning C4290: C++ exception specification ignored except to indicate a function is not __declspec(nothrow)
     1>S:\apps\dual_test\Voreen\SDK\include\voreen/core/io/serialization/xmlserializer.h(634): warning C4290: C++ exception specification ignored except to indicate a function is not __declspec(nothrow)
     1>S:\apps\dual_test\Voreen\SDK\include\voreen/core/io/serialization/xmlserializer.h(656): warning C4290: C++ exception specification ignored except to indicate a function is not __declspec(nothrow)
     1>S:\apps\dual_test\Voreen\SDK\include\voreen/core/io/serialization/xmlserializer.h(686): warning C4290: C++ exception specification ignored except to indicate a function is not __declspec(nothrow)
     1>S:\apps\dual_test\Voreen\SDK\include\voreen/core/io/serialization/xmlserializer.h(734): warning C4290: C++ exception specification ignored except to indicate a function is not __declspec(nothrow)
     1>S:\apps\dual_test\Voreen\SDK\include\voreen/core/io/serialization/xmlserializer.h(762): warning C4290: C++ exception specification ignored except to indicate a function is not __declspec(nothrow)
     1>S:\apps\dual_test\Voreen\SDK\include\voreen/core/io/serialization/xmlserializer.h(775): warning C4290: C++ exception specification ignored except to indicate a function is not __declspec(nothrow)
     1>S:\apps\dual_test\Voreen\SDK\include\voreen/core/io/serialization/xmlserializer.h(792): warning C4290: C++ exception specification ignored except to indicate a function is not __declspec(nothrow)
     1>S:\apps\dual_test\Voreen\SDK\include\voreen/core/io/serialization/xmlserializer.h(811): warning C4290: C++ exception specification ignored except to indicate a function is not __declspec(nothrow)
     1>S:\apps\dual_test\Voreen\SDK\include\voreen/core/io/serialization/xmlserializer.h(836): warning C4290: C++ exception specification ignored except to indicate a function is not __declspec(nothrow)
     1>S:\apps\dual_test\Voreen\SDK\include\voreen/core/io/serialization/xmlserializer.h(1019): warning C4290: C++ exception specification ignored except to indicate a function is not __declspec(nothrow)
     1>S:\apps\dual_test\Voreen\SDK\include\voreen/core/io/serialization/xmlserializer.h(1047): warning C4290: C++ exception specification ignored except to indicate a function is not __declspec(nothrow)
     1>S:\apps\dual_test\Voreen\SDK\include\voreen/core/io/serialization/xmlserializer.h(1079): warning C4290: C++ exception specification ignored except to indicate a function is not __declspec(nothrow)
     1>S:\apps\dual_test\Voreen\SDK\include\voreen/core/io/serialization/xmlserializer.h(1086): warning C4290: C++ exception specification ignored except to indicate a function is not __declspec(nothrow)
     1>S:\apps\dual_test\Voreen\SDK\include\voreen/core/io/serialization/xmlserializer.h(1093): warning C4290: C++ exception specification ignored except to indicate a function is not __declspec(nothrow)
     1>S:\apps\dual_test\Voreen\SDK\include\voreen/core/io/serialization/xmlserializer.h(1100): warning C4290: C++ exception specification ignored except to indicate a function is not __declspec(nothrow)
     1>S:\apps\dual_test\Voreen\SDK\include\voreen/core/io/serialization/xmlserializer.h(1122): warning C4290: C++ exception specification ignored except to indicate a function is not __declspec(nothrow)
     1>S:\apps\dual_test\Voreen\SDK\include\voreen/core/io/serialization/xmlserializer.h(1134): warning C4290: C++ exception specification ignored except to indicate a function is not __declspec(nothrow)
     1>S:\apps\dual_test\Voreen\SDK\include\voreen/core/io/serialization/xmlserializer.h(1141): warning C4290: C++ exception specification ignored except to indicate a function is not __declspec(nothrow)
     1>S:\apps\dual_test\Voreen\SDK\include\voreen/core/io/serialization/xmlserializer.h(1160): warning C4290: C++ exception specification ignored except to indicate a function is not __declspec(nothrow)
     1>S:\apps\dual_test\Voreen\SDK\include\voreen/core/io/serialization/xmlserializer.h(1194): warning C4290: C++ exception specification ignored except to indicate a function is not __declspec(nothrow)
     1>S:\apps\dual_test\Voreen\SDK\include\voreen/core/io/serialization/xmlserializer.h(1208): warning C4290: C++ exception specification ignored except to indicate a function is not __declspec(nothrow)
     1>S:\apps\dual_test\Voreen\SDK\include\voreen/core/io/serialization/xmlserializer.h(1240): warning C4290: C++ exception specification ignored except to indicate a function is not __declspec(nothrow)
     1>S:\apps\dual_test\Voreen\SDK\include\voreen/core/io/serialization/xmlserializer.h(1252): warning C4290: C++ exception specification ignored except to indicate a function is not __declspec(nothrow)
     1>S:\apps\dual_test\Voreen\SDK\include\voreen/core/io/serialization/xmlserializer.h(1277): warning C4290: C++ exception specification ignored except to indicate a function is not __declspec(nothrow)
     1>S:\apps\dual_test\Voreen\SDK\include\voreen/core/io/serialization/xmldeserializer.h(135): warning C4290: C++ exception specification ignored except to indicate a function is not __declspec(nothrow)
     1>S:\apps\dual_test\Voreen\SDK\include\voreen/core/io/serialization/xmldeserializer.h(150): warning C4290: C++ exception specification ignored except to indicate a function is not __declspec(nothrow)
     1>S:\apps\dual_test\Voreen\SDK\include\voreen/core/io/serialization/xmldeserializer.h(157): warning C4290: C++ exception specification ignored except to indicate a function is not __declspec(nothrow)
     1>S:\apps\dual_test\Voreen\SDK\include\voreen/core/io/serialization/xmldeserializer.h(171): warning C4290: C++ exception specification ignored except to indicate a function is not __declspec(nothrow)
     1>S:\apps\dual_test\Voreen\SDK\include\voreen/core/io/serialization/xmldeserializer.h(184): warning C4290: C++ exception specification ignored except to indicate a function is not __declspec(nothrow)
     1>S:\apps\dual_test\Voreen\SDK\include\voreen/core/io/serialization/xmldeserializer.h(197): warning C4290: C++ exception specification ignored except to indicate a function is not __declspec(nothrow)
     1>S:\apps\dual_test\Voreen\SDK\include\voreen/core/io/serialization/xmldeserializer.h(210): warning C4290: C++ exception specification ignored except to indicate a function is not __declspec(nothrow)
     1>S:\apps\dual_test\Voreen\SDK\include\voreen/core/io/serialization/xmldeserializer.h(223): warning C4290: C++ exception specification ignored except to indicate a function is not __declspec(nothrow)
     1>S:\apps\dual_test\Voreen\SDK\include\voreen/core/io/serialization/xmldeserializer.h(236): warning C4290: C++ exception specification ignored except to indicate a function is not __declspec(nothrow)
     1>S:\apps\dual_test\Voreen\SDK\include\voreen/core/io/serialization/xmldeserializer.h(249): warning C4290: C++ exception specification ignored except to indicate a function is not __declspec(nothrow)
     1>S:\apps\dual_test\Voreen\SDK\include\voreen/core/io/serialization/xmldeserializer.h(262): warning C4290: C++ exception specification ignored except to indicate a function is not __declspec(nothrow)
     1>S:\apps\dual_test\Voreen\SDK\include\voreen/core/io/serialization/xmldeserializer.h(275): warning C4290: C++ exception specification ignored except to indicate a function is not __declspec(nothrow)
     1>S:\apps\dual_test\Voreen\SDK\include\voreen/core/io/serialization/xmldeserializer.h(304): warning C4290: C++ exception specification ignored except to indicate a function is not __declspec(nothrow)
     1>S:\apps\dual_test\Voreen\SDK\include\voreen/core/io/serialization/xmldeserializer.h(317): warning C4290: C++ exception specification ignored except to indicate a function is not __declspec(nothrow)
     1>S:\apps\dual_test\Voreen\SDK\include\voreen/core/io/serialization/xmldeserializer.h(330): warning C4290: C++ exception specification ignored except to indicate a function is not __declspec(nothrow)
     1>S:\apps\dual_test\Voreen\SDK\include\voreen/core/io/serialization/xmldeserializer.h(343): warning C4290: C++ exception specification ignored except to indicate a function is not __declspec(nothrow)
     1>S:\apps\dual_test\Voreen\SDK\include\voreen/core/io/serialization/xmldeserializer.h(356): warning C4290: C++ exception specification ignored except to indicate a function is not __declspec(nothrow)
     1>S:\apps\dual_test\Voreen\SDK\include\voreen/core/io/serialization/xmldeserializer.h(369): warning C4290: C++ exception specification ignored except to indicate a function is not __declspec(nothrow)
     1>S:\apps\dual_test\Voreen\SDK\include\voreen/core/io/serialization/xmldeserializer.h(382): warning C4290: C++ exception specification ignored except to indicate a function is not __declspec(nothrow)
     1>S:\apps\dual_test\Voreen\SDK\include\voreen/core/io/serialization/xmldeserializer.h(395): warning C4290: C++ exception specification ignored except to indicate a function is not __declspec(nothrow)
     1>S:\apps\dual_test\Voreen\SDK\include\voreen/core/io/serialization/xmldeserializer.h(408): warning C4290: C++ exception specification ignored except to indicate a function is not __declspec(nothrow)
     1>S:\apps\dual_test\Voreen\SDK\include\voreen/core/io/serialization/xmldeserializer.h(421): warning C4290: C++ exception specification ignored except to indicate a function is not __declspec(nothrow)
     1>S:\apps\dual_test\Voreen\SDK\include\voreen/core/io/serialization/xmldeserializer.h(434): warning C4290: C++ exception specification ignored except to indicate a function is not __declspec(nothrow)
     1>S:\apps\dual_test\Voreen\SDK\include\voreen/core/io/serialization/xmldeserializer.h(447): warning C4290: C++ exception specification ignored except to indicate a function is not __declspec(nothrow)
     1>S:\apps\dual_test\Voreen\SDK\include\voreen/core/io/serialization/xmldeserializer.h(460): warning C4290: C++ exception specification ignored except to indicate a function is not __declspec(nothrow)
     1>S:\apps\dual_test\Voreen\SDK\include\voreen/core/io/serialization/xmldeserializer.h(473): warning C4290: C++ exception specification ignored except to indicate a function is not __declspec(nothrow)
     1>S:\apps\dual_test\Voreen\SDK\include\voreen/core/io/serialization/xmldeserializer.h(486): warning C4290: C++ exception specification ignored except to indicate a function is not __declspec(nothrow)
     1>S:\apps\dual_test\Voreen\SDK\include\voreen/core/io/serialization/xmldeserializer.h(499): warning C4290: C++ exception specification ignored except to indicate a function is not __declspec(nothrow)
     1>S:\apps\dual_test\Voreen\SDK\include\voreen/core/io/serialization/xmldeserializer.h(512): warning C4290: C++ exception specification ignored except to indicate a function is not __declspec(nothrow)
     1>S:\apps\dual_test\Voreen\SDK\include\voreen/core/io/serialization/xmldeserializer.h(525): warning C4290: C++ exception specification ignored except to indicate a function is not __declspec(nothrow)
     1>S:\apps\dual_test\Voreen\SDK\include\voreen/core/io/serialization/xmldeserializer.h(538): warning C4290: C++ exception specification ignored except to indicate a function is not __declspec(nothrow)
     1>S:\apps\dual_test\Voreen\SDK\include\voreen/core/io/serialization/xmldeserializer.h(551): warning C4290: C++ exception specification ignored except to indicate a function is not __declspec(nothrow)
     1>S:\apps\dual_test\Voreen\SDK\include\voreen/core/io/serialization/xmldeserializer.h(564): warning C4290: C++ exception specification ignored except to indicate a function is not __declspec(nothrow)
     1>S:\apps\dual_test\Voreen\SDK\include\voreen/core/io/serialization/xmldeserializer.h(577): warning C4290: C++ exception specification ignored except to indicate a function is not __declspec(nothrow)
     1>S:\apps\dual_test\Voreen\SDK\include\voreen/core/io/serialization/xmldeserializer.h(590): warning C4290: C++ exception specification ignored except to indicate a function is not __declspec(nothrow)
     1>S:\apps\dual_test\Voreen\SDK\include\voreen/core/io/serialization/xmldeserializer.h(606): warning C4290: C++ exception specification ignored except to indicate a function is not __declspec(nothrow)
     1>S:\apps\dual_test\Voreen\SDK\include\voreen/core/io/serialization/xmldeserializer.h(623): warning C4290: C++ exception specification ignored except to indicate a function is not __declspec(nothrow)
     1>S:\apps\dual_test\Voreen\SDK\include\voreen/core/io/serialization/xmldeserializer.h(643): warning C4290: C++ exception specification ignored except to indicate a function is not __declspec(nothrow)
     1>S:\apps\dual_test\Voreen\SDK\include\voreen/core/io/serialization/xmldeserializer.h(666): warning C4290: C++ exception specification ignored except to indicate a function is not __declspec(nothrow)
     1>S:\apps\dual_test\Voreen\SDK\include\voreen/core/io/serialization/xmldeserializer.h(689): warning C4290: C++ exception specification ignored except to indicate a function is not __declspec(nothrow)
     1>S:\apps\dual_test\Voreen\SDK\include\voreen/core/io/serialization/xmldeserializer.h(712): warning C4290: C++ exception specification ignored except to indicate a function is not __declspec(nothrow)
     1>S:\apps\dual_test\Voreen\SDK\include\voreen/core/io/serialization/xmldeserializer.h(740): warning C4290: C++ exception specification ignored except to indicate a function is not __declspec(nothrow)
     1>S:\apps\dual_test\Voreen\SDK\include\voreen/core/io/serialization/xmldeserializer.h(763): warning C4290: C++ exception specification ignored except to indicate a function is not __declspec(nothrow)
     1>S:\apps\dual_test\Voreen\SDK\include\voreen/core/io/serialization/xmldeserializer.h(794): warning C4290: C++ exception specification ignored except to indicate a function is not __declspec(nothrow)
     1>S:\apps\dual_test\Voreen\SDK\include\voreen/core/io/serialization/xmldeserializer.h(817): warning C4290: C++ exception specification ignored except to indicate a function is not __declspec(nothrow)
     1>S:\apps\dual_test\Voreen\SDK\include\voreen/core/io/serialization/xmldeserializer.h(835): warning C4290: C++ exception specification ignored except to indicate a function is not __declspec(nothrow)
     1>S:\apps\dual_test\Voreen\SDK\include\voreen/core/io/serialization/xmldeserializer.h(857): warning C4290: C++ exception specification ignored except to indicate a function is not __declspec(nothrow)
     1>S:\apps\dual_test\Voreen\SDK\include\voreen/core/io/serialization/xmldeserializer.h(874): warning C4290: C++ exception specification ignored except to indicate a function is not __declspec(nothrow)
     1>S:\apps\dual_test\Voreen\SDK\include\voreen/core/io/serialization/xmldeserializer.h(891): warning C4290: C++ exception specification ignored except to indicate a function is not __declspec(nothrow)
     1>S:\apps\dual_test\Voreen\SDK\include\voreen/core/io/serialization/xmldeserializer.h(908): warning C4290: C++ exception specification ignored except to indicate a function is not __declspec(nothrow)
     1>S:\apps\dual_test\Voreen\SDK\include\voreen/core/io/serialization/xmldeserializer.h(925): warning C4290: C++ exception specification ignored except to indicate a function is not __declspec(nothrow)
     1>S:\apps\dual_test\Voreen\SDK\include\voreen/core/io/serialization/xmldeserializer.h(942): warning C4290: C++ exception specification ignored except to indicate a function is not __declspec(nothrow)
     1>S:\apps\dual_test\Voreen\SDK\include\voreen/core/io/serialization/xmldeserializer.h(959): warning C4290: C++ exception specification ignored except to indicate a function is not __declspec(nothrow)
     1>S:\apps\dual_test\Voreen\SDK\include\voreen/core/io/serialization/xmldeserializer.h(976): warning C4290: C++ exception specification ignored except to indicate a function is not __declspec(nothrow)
     1>S:\apps\dual_test\Voreen\SDK\include\voreen/core/io/serialization/xmldeserializer.h(993): warning C4290: C++ exception specification ignored except to indicate a function is not __declspec(nothrow)
     1>S:\apps\dual_test\Voreen\SDK\include\voreen/core/io/serialization/xmldeserializer.h(1010): warning C4290: C++ exception specification ignored except to indicate a function is not __declspec(nothrow)
     1>S:\apps\dual_test\Voreen\SDK\include\voreen/core/io/serialization/xmldeserializer.h(1027): warning C4290: C++ exception specification ignored except to indicate a function is not __declspec(nothrow)
     1>S:\apps\dual_test\Voreen\SDK\include\voreen/core/io/serialization/xmldeserializer.h(1044): warning C4290: C++ exception specification ignored except to indicate a function is not __declspec(nothrow)
     1>S:\apps\dual_test\Voreen\SDK\include\voreen/core/io/serialization/xmldeserializer.h(1061): warning C4290: C++ exception specification ignored except to indicate a function is not __declspec(nothrow)
     1>S:\apps\dual_test\Voreen\SDK\include\voreen/core/io/serialization/xmldeserializer.h(1078): warning C4290: C++ exception specification ignored except to indicate a function is not __declspec(nothrow)
     1>S:\apps\dual_test\Voreen\SDK\include\voreen/core/io/serialization/xmldeserializer.h(1095): warning C4290: C++ exception specification ignored except to indicate a function is not __declspec(nothrow)
     1>S:\apps\dual_test\Voreen\SDK\include\voreen/core/io/serialization/xmldeserializer.h(1112): warning C4290: C++ exception specification ignored except to indicate a function is not __declspec(nothrow)
     1>S:\apps\dual_test\Voreen\SDK\include\voreen/core/io/serialization/xmldeserializer.h(1129): warning C4290: C++ exception specification ignored except to indicate a function is not __declspec(nothrow)
     1>S:\apps\dual_test\Voreen\SDK\include\voreen/core/io/serialization/xmldeserializer.h(1146): warning C4290: C++ exception specification ignored except to indicate a function is not __declspec(nothrow)
     1>S:\apps\dual_test\Voreen\SDK\include\voreen/core/io/serialization/xmldeserializer.h(1163): warning C4290: C++ exception specification ignored except to indicate a function is not __declspec(nothrow)
     1>S:\apps\dual_test\Voreen\SDK\include\voreen/core/io/serialization/xmldeserializer.h(1180): warning C4290: C++ exception specification ignored except to indicate a function is not __declspec(nothrow)
     1>S:\apps\dual_test\Voreen\SDK\include\voreen/core/io/serialization/xmldeserializer.h(1197): warning C4290: C++ exception specification ignored except to indicate a function is not __declspec(nothrow)
     1>S:\apps\dual_test\Voreen\SDK\include\voreen/core/io/serialization/xmldeserializer.h(1214): warning C4290: C++ exception specification ignored except to indicate a function is not __declspec(nothrow)
     1>S:\apps\dual_test\Voreen\SDK\include\voreen/core/io/serialization/xmldeserializer.h(1254): warning C4290: C++ exception specification ignored except to indicate a function is not __declspec(nothrow)
     1>S:\apps\dual_test\Voreen\SDK\include\voreen/core/io/serialization/xmldeserializer.h(1271): warning C4290: C++ exception specification ignored except to indicate a function is not __declspec(nothrow)
     1>S:\apps\dual_test\Voreen\SDK\include\voreen/core/io/serialization/xmldeserializer.h(1293): warning C4290: C++ exception specification ignored except to indicate a function is not __declspec(nothrow)
     1>S:\apps\dual_test\Voreen\SDK\include\voreen/core/io/serialization/xmldeserializer.h(1323): warning C4290: C++ exception specification ignored except to indicate a function is not __declspec(nothrow)
     1>S:\apps\dual_test\Voreen\SDK\include\voreen/core/io/serialization/xmldeserializer.h(1349): warning C4290: C++ exception specification ignored except to indicate a function is not __declspec(nothrow)
     1>S:\apps\dual_test\Voreen\SDK\include\voreen/core/io/serialization/xmldeserializer.h(1378): warning C4290: C++ exception specification ignored except to indicate a function is not __declspec(nothrow)
     1>S:\apps\dual_test\Voreen\SDK\include\voreen/core/io/serialization/xmldeserializer.h(1399): warning C4290: C++ exception specification ignored except to indicate a function is not __declspec(nothrow)
     1>S:\apps\dual_test\Voreen\SDK\include\voreen/core/io/serialization/xmldeserializer.h(1509): warning C4290: C++ exception specification ignored except to indicate a function is not __declspec(nothrow)
     1>S:\apps\dual_test\Voreen\SDK\include\voreen/core/io/serialization/xmldeserializer.h(1557): warning C4290: C++ exception specification ignored except to indicate a function is not __declspec(nothrow)
     1>S:\apps\dual_test\Voreen\SDK\include\voreen/core/io/serialization/xmldeserializer.h(1580): warning C4290: C++ exception specification ignored except to indicate a function is not __declspec(nothrow)
     1>S:\apps\dual_test\Voreen\SDK\include\voreen/core/io/serialization/xmldeserializer.h(1581): warning C4290: C++ exception specification ignored except to indicate a function is not __declspec(nothrow)
     1>S:\apps\dual_test\Voreen\SDK\include\voreen/core/io/serialization/xmldeserializer.h(1582): warning C4290: C++ exception specification ignored except to indicate a function is not __declspec(nothrow)
     1>S:\apps\dual_test\Voreen\SDK\include\voreen/core/io/serialization/xmldeserializer.h(1583): warning C4290: C++ exception specification ignored except to indicate a function is not __declspec(nothrow)
     1>S:\apps\dual_test\Voreen\SDK\include\voreen/core/io/serialization/xmldeserializer.h(1584): warning C4290: C++ exception specification ignored except to indicate a function is not __declspec(nothrow)
     1>S:\apps\dual_test\Voreen\SDK\include\voreen/core/io/serialization/xmldeserializer.h(1585): warning C4290: C++ exception specification ignored except to indicate a function is not __declspec(nothrow)
     1>S:\apps\dual_test\Voreen\SDK\include\voreen/core/io/serialization/xmldeserializer.h(1586): warning C4290: C++ exception specification ignored except to indicate a function is not __declspec(nothrow)
     1>S:\apps\dual_test\Voreen\SDK\include\voreen/core/io/serialization/xmldeserializer.h(1587): warning C4290: C++ exception specification ignored except to indicate a function is not __declspec(nothrow)
     1>S:\apps\dual_test\Voreen\SDK\include\voreen/core/io/serialization/xmldeserializer.h(1588): warning C4290: C++ exception specification ignored except to indicate a function is not __declspec(nothrow)
     1>S:\apps\dual_test\Voreen\SDK\include\voreen/core/io/serialization/xmldeserializer.h(1589): warning C4290: C++ exception specification ignored except to indicate a function is not __declspec(nothrow)
     1>S:\apps\dual_test\Voreen\SDK\include\voreen/core/io/serialization/xmldeserializer.h(1590): warning C4290: C++ exception specification ignored except to indicate a function is not __declspec(nothrow)
     1>S:\apps\dual_test\Voreen\SDK\include\voreen/core/io/serialization/xmldeserializer.h(1591): warning C4290: C++ exception specification ignored except to indicate a function is not __declspec(nothrow)
     1>S:\apps\dual_test\Voreen\SDK\include\voreen/core/io/serialization/xmldeserializer.h(1592): warning C4290: C++ exception specification ignored except to indicate a function is not __declspec(nothrow)
     1>S:\apps\dual_test\Voreen\SDK\include\voreen/core/io/serialization/xmldeserializer.h(1593): warning C4290: C++ exception specification ignored except to indicate a function is not __declspec(nothrow)
     1>S:\apps\dual_test\Voreen\SDK\include\voreen/core/io/serialization/xmldeserializer.h(1594): warning C4290: C++ exception specification ignored except to indicate a function is not __declspec(nothrow)
     1>S:\apps\dual_test\Voreen\SDK\include\voreen/core/io/serialization/xmldeserializer.h(1595): warning C4290: C++ exception specification ignored except to indicate a function is not __declspec(nothrow)
     1>S:\apps\dual_test\Voreen\SDK\include\voreen/core/io/serialization/xmldeserializer.h(1596): warning C4290: C++ exception specification ignored except to indicate a function is not __declspec(nothrow)
     1>S:\apps\dual_test\Voreen\SDK\include\voreen/core/io/serialization/xmldeserializer.h(1597): warning C4290: C++ exception specification ignored except to indicate a function is not __declspec(nothrow)
     1>S:\apps\dual_test\Voreen\SDK\include\voreen/core/io/serialization/xmldeserializer.h(1598): warning C4290: C++ exception specification ignored except to indicate a function is not __declspec(nothrow)
     1>S:\apps\dual_test\Voreen\SDK\include\voreen/core/io/serialization/xmldeserializer.h(1600): warning C4290: C++ exception specification ignored except to indicate a function is not __declspec(nothrow)
     1>S:\apps\dual_test\Voreen\SDK\include\voreen/core/io/serialization/xmldeserializer.h(1615): warning C4290: C++ exception specification ignored except to indicate a function is not __declspec(nothrow)
     1>S:\apps\dual_test\Voreen\SDK\include\voreen/core/io/serialization/xmldeserializer.h(1635): warning C4290: C++ exception specification ignored except to indicate a function is not __declspec(nothrow)
     1>S:\apps\dual_test\Voreen\SDK\include\voreen/core/io/serialization/xmldeserializer.h(1680): warning C4290: C++ exception specification ignored except to indicate a function is not __declspec(nothrow)
     1>S:\apps\dual_test\Voreen\SDK\include\voreen/core/io/serialization/xmldeserializer.h(1719): warning C4290: C++ exception specification ignored except to indicate a function is not __declspec(nothrow)
     1>S:\apps\dual_test\Voreen\SDK\include\voreen/core/io/serialization/xmldeserializer.h(1726): warning C4290: C++ exception specification ignored except to indicate a function is not __declspec(nothrow)
     1>S:\apps\dual_test\Voreen\SDK\include\voreen/core/io/serialization/xmldeserializer.h(1733): warning C4290: C++ exception specification ignored except to indicate a function is not __declspec(nothrow)
     1>S:\apps\dual_test\Voreen\SDK\include\voreen/core/io/serialization/xmldeserializer.h(1740): warning C4290: C++ exception specification ignored except to indicate a function is not __declspec(nothrow)
     1>S:\apps\dual_test\Voreen\SDK\include\voreen/core/io/serialization/xmldeserializer.h(1752): warning C4290: C++ exception specification ignored except to indicate a function is not __declspec(nothrow)
     1>S:\apps\dual_test\Voreen\SDK\include\voreen/core/io/serialization/xmldeserializer.h(1759): warning C4290: C++ exception specification ignored except to indicate a function is not __declspec(nothrow)
     1>S:\apps\dual_test\Voreen\SDK\include\voreen/core/io/serialization/xmldeserializer.h(1765): warning C4290: C++ exception specification ignored except to indicate a function is not __declspec(nothrow)
     1>S:\apps\dual_test\Voreen\SDK\include\voreen/core/io/serialization/xmldeserializer.h(1795): warning C4290: C++ exception specification ignored except to indicate a function is not __declspec(nothrow)
     1>S:\apps\dual_test\Voreen\SDK\include\voreen/core/io/serialization/xmldeserializer.h(1840): warning C4290: C++ exception specification ignored except to indicate a function is not __declspec(nothrow)
     1>S:\apps\dual_test\Voreen\SDK\include\voreen/core/io/serialization/xmldeserializer.h(1853): warning C4290: C++ exception specification ignored except to indicate a function is not __declspec(nothrow)
     1>S:\apps\dual_test\Voreen\SDK\include\voreen/core/io/serialization/xmldeserializer.h(1948): warning C4290: C++ exception specification ignored except to indicate a function is not __declspec(nothrow)
     1>S:\apps\dual_test\Voreen\SDK\include\voreen/core/io/serialization/xmldeserializer.h(1960): warning C4290: C++ exception specification ignored except to indicate a function is not __declspec(nothrow)
     1>S:\apps\dual_test\Voreen\SDK\include\voreen/core/io/serialization/xmldeserializer.h(1997): warning C4290: C++ exception specification ignored except to indicate a function is not __declspec(nothrow)
     1>S:\apps\dual_test\Voreen\SDK\include\voreen/core/io/serialization/xmldeserializer.h(2036): warning C4290: C++ exception specification ignored except to indicate a function is not __declspec(nothrow)
     1>S:\apps\dual_test\Voreen\SDK\include\voreen/core/voreenmodule.h(181): warning C4290: C++ exception specification ignored except to indicate a function is not __declspec(nothrow)
     1>S:\apps\dual_test\Voreen\SDK\include\voreen/core/voreenmodule.h(190): warning C4290: C++ exception specification ignored except to indicate a function is not __declspec(nothrow)
     1>S:\apps\dual_test\Voreen\SDK\include\voreen/core/voreenmodule.h(200): warning C4290: C++ exception specification ignored except to indicate a function is not __declspec(nothrow)
     1>S:\apps\dual_test\Voreen\SDK\include\voreen/core/voreenmodule.h(209): warning C4290: C++ exception specification ignored except to indicate a function is not __declspec(nothrow)
     1>S:\apps\dual_test\Voreen\SDK\include\voreen/core/properties/link/propertylink.h(72): warning C4290: C++ exception specification ignored except to indicate a function is not __declspec(nothrow)
         Unknown compiler version - please run the configure tests and report the results
     1>S:\apps\dual_test\Voreen\SDK\include\voreen/core/processors/processor.h(414): warning C4290: C++ exception specification ignored except to indicate a function is not __declspec(nothrow)
     1>S:\apps\dual_test\Voreen\SDK\include\voreen/core/processors/processor.h(426): warning C4290: C++ exception specification ignored except to indicate a function is not __declspec(nothrow)
     1>S:\apps\dual_test\Voreen\SDK\include\voreen/core/processors/processor.h(495): warning C4290: C++ exception specification ignored except to indicate a function is not __declspec(nothrow)
     1>S:\apps\dual_test\Voreen\SDK\include\voreen/core/processors/processor.h(507): warning C4290: C++ exception specification ignored except to indicate a function is not __declspec(nothrow)
     1>S:\apps\dual_test\Voreen\SDK\include\voreen/core/properties/property.h(349): warning C4290: C++ exception specification ignored except to indicate a function is not __declspec(nothrow)
     1>S:\apps\dual_test\Voreen\SDK\include\voreen/core/properties/property.h(360): warning C4290: C++ exception specification ignored except to indicate a function is not __declspec(nothrow)
     1>S:\apps\dual_test\Voreen\SDK\include\voreen/core/voreenapplication.h(228): warning C4290: C++ exception specification ignored except to indicate a function is not __declspec(nothrow)
     1>S:\apps\dual_test\Voreen\SDK\include\voreen/core/voreenapplication.h(238): warning C4290: C++ exception specification ignored except to indicate a function is not __declspec(nothrow)
     1>S:\apps\dual_test\Voreen\SDK\include\voreen/core/voreenapplication.h(247): warning C4290: C++ exception specification ignored except to indicate a function is not __declspec(nothrow)
     1>S:\apps\dual_test\Voreen\SDK\include\voreen/core/voreenapplication.h(254): warning C4290: C++ exception specification ignored except to indicate a function is not __declspec(nothrow)
     1>S:\apps\dual_test\Voreen\SDK\include\voreen/core/voreenapplication.h(555): warning C4290: C++ exception specification ignored except to indicate a function is not __declspec(nothrow)
     1>S:\apps\dual_test\Voreen\SDK\include\ext\tgt/filesystem.h(507): warning C4290: C++ exception specification ignored except to indicate a function is not __declspec(nothrow)
     1>S:\apps\dual_test\Voreen\SDK\include\ext\tgt/filesystem.h(514): warning C4290: C++ exception specification ignored except to indicate a function is not __declspec(nothrow)
     1>S:\apps\dual_test\Voreen\SDK\include\ext\tgt/shadermanager.h(98): warning C4290: C++ exception specification ignored except to indicate a function is not __declspec(nothrow)
     1>S:\apps\dual_test\Voreen\SDK\include\ext\tgt/shadermanager.h(382): warning C4290: C++ exception specification ignored except to indicate a function is not __declspec(nothrow)
     1>S:\apps\dual_test\Voreen\SDK\include\ext\tgt/shadermanager.h(394): warning C4290: C++ exception specification ignored except to indicate a function is not __declspec(nothrow)
     1>S:\apps\dual_test\Voreen\SDK\include\ext\tgt/shadermanager.h(439): warning C4290: C++ exception specification ignored except to indicate a function is not __declspec(nothrow)
     1>S:\apps\dual_test\Voreen\SDK\include\ext\tgt/shadermanager.h(456): warning C4290: C++ exception specification ignored except to indicate a function is not __declspec(nothrow)
     1>S:\apps\dual_test\Voreen\SDK\include\ext\tgt/shadermanager.h(474): warning C4290: C++ exception specification ignored except to indicate a function is not __declspec(nothrow)
     1>S:\apps\dual_test\Voreen\SDK\include\voreen/core/ports/port.h(328): warning C4290: C++ exception specification ignored except to indicate a function is not __declspec(nothrow)
     1>S:\apps\dual_test\Voreen\SDK\include\voreen/core/ports/port.h(345): warning C4290: C++ exception specification ignored except to indicate a function is not __declspec(nothrow)
     1>S:\apps\dual_test\Voreen\SDK\include\voreen/core/ports/port.h(422): warning C4290: C++ exception specification ignored except to indicate a function is not __declspec(nothrow)
     1>S:\apps\dual_test\Voreen\SDK\include\voreen/core/ports/port.h(439): warning C4290: C++ exception specification ignored except to indicate a function is not __declspec(nothrow)
     1>S:\apps\dual_test\Voreen\SDK\include\voreen/core/properties/link/linkevaluatorbase.h(49): warning C4290: C++ exception specification ignored except to indicate a function is not __declspec(nothrow)
     1>S:\apps\dual_test\Voreen\SDK\include\voreen/core/ports/renderport.h(89): warning C4290: C++ exception specification ignored except to indicate a function is not __declspec(nothrow)
     1>S:\apps\dual_test\Voreen\SDK\include\voreen/core/ports/renderport.h(373): warning C4290: C++ exception specification ignored except to indicate a function is not __declspec(nothrow)
     1>S:\apps\dual_test\Voreen\SDK\include\voreen/core/ports/renderport.h(388): warning C4290: C++ exception specification ignored except to indicate a function is not __declspec(nothrow)
     1>S:\apps\dual_test\Voreen\SDK\include\voreen/core/ports/renderport.h(407): warning C4290: C++ exception specification ignored except to indicate a function is not __declspec(nothrow)
     1>S:\apps\dual_test\Voreen\SDK\include\voreen/core/ports/renderport.h(414): warning C4290: C++ exception specification ignored except to indicate a function is not __declspec(nothrow)
     1>S:\apps\dual_test\Voreen\SDK\include\voreen/core/ports/renderport.h(477): warning C4290: C++ exception specification ignored except to indicate a function is not __declspec(nothrow)
     1>S:\apps\dual_test\Voreen\SDK\include\voreen/core/utils/stringutils.h(89): warning C4290: C++ exception specification ignored except to indicate a function is not __declspec(nothrow)
     1>S:\apps\dual_test\Voreen\SDK\include\voreen/core/utils/stringutils.h(171): warning C4290: C++ exception specification ignored except to indicate a function is not __declspec(nothrow)
     1>S:\apps\dual_test\Voreen\SDK\include\voreen/core/datastructures/volume/volumeram.h(62): warning C4290: C++ exception specification ignored except to indicate a function is not __declspec(nothrow)
     1>S:\apps\dual_test\Voreen\SDK\include\voreen/core/datastructures/volume/volumeram.h(69): warning C4290: C++ exception specification ignored except to indicate a function is not __declspec(nothrow)
     1>S:\apps\dual_test\Voreen\SDK\include\voreen/core/datastructures/volume/volumeram.h(70): warning C4290: C++ exception specification ignored except to indicate a function is not __declspec(nothrow)
     1>S:\apps\dual_test\Voreen\SDK\include\voreen/core/datastructures/volume/volumeram.h(73): warning C4290: C++ exception specification ignored except to indicate a function is not __declspec(nothrow)
     1>S:\apps\dual_test\Voreen\SDK\include\voreen/core/datastructures/volume/volumeram.h(247): warning C4290: C++ exception specification ignored except to indicate a function is not __declspec(nothrow)
     1>S:\apps\dual_test\Voreen\SDK\include\voreen/core/datastructures/volume/volumeram.h(248): warning C4290: C++ exception specification ignored except to indicate a function is not __declspec(nothrow)
     1>S:\apps\dual_test\Voreen\SDK\include\voreen/core/datastructures/volume/volume.h(379): warning C4290: C++ exception specification ignored except to indicate a function is not __declspec(nothrow)
     1>S:\apps\dual_test\Voreen\SDK\include\voreen/core/ports/geometryport.h(68): warning C4290: C++ exception specification ignored except to indicate a function is not __declspec(nothrow)
     1>S:\apps\dual_test\Voreen\SDK\include\voreen/core/ports/geometryport.h(78): warning C4290: C++ exception specification ignored except to indicate a function is not __declspec(nothrow)
     1>S:\apps\dual_test\Voreen\SDK\include\voreen/core/processors/renderprocessor.h(70): warning C4290: C++ exception specification ignored except to indicate a function is not __declspec(nothrow)
     1>S:\apps\dual_test\Voreen\SDK\include\voreen/core/processors/renderprocessor.h(75): warning C4290: C++ exception specification ignored except to indicate a function is not __declspec(nothrow)
     1>S:\apps\dual_test\Voreen\SDK\include\modules/core/processors/output/canvasrenderer.h(176): warning C4290: C++ exception specification ignored except to indicate a function is not __declspec(nothrow)
     1>S:\apps\dual_test\Voreen\SDK\include\modules/core/processors/output/canvasrenderer.h(177): warning C4290: C++ exception specification ignored except to indicate a function is not __declspec(nothrow)
     1>S:\apps\dual_test\Voreen\SDK\include\modules/core/processors/output/canvasrenderer.h(192): warning C4290: C++ exception specification ignored except to indicate a function is not __declspec(nothrow)
     1>S:\apps\dual_test\Voreen\SDK\include\voreen/core/ports/volumeport.h(129): warning C4290: C++ exception specification ignored except to indicate a function is not __declspec(nothrow)
     1>S:\apps\dual_test\Voreen\SDK\include\voreen/core/ports/volumeport.h(139): warning C4290: C++ exception specification ignored except to indicate a function is not __declspec(nothrow)
     1>S:\apps\dual_test\Voreen\SDK\include\modules/base/processors/geometry/planewidgetprocessor.h(73): warning C4290: C++ exception specification ignored except to indicate a function is not __declspec(nothrow)
     1>S:\apps\dual_test\Voreen\SDK\include\modules/base/processors/geometry/planewidgetprocessor.h(74): warning C4290: C++ exception specification ignored except to indicate a function is not __declspec(nothrow)
     1>S:\apps\dual_test\Voreen\SDK\include\voreen/core/datastructures/volume/volumeslicehelper.h(158): warning C4290: C++ exception specification ignored except to indicate a function is not __declspec(nothrow)
     1>S:\apps\dual_test\Voreen\SDK\include\voreen/core/properties/shaderproperty.h(139): warning C4290: C++ exception specification ignored except to indicate a function is not __declspec(nothrow)
     1>S:\apps\dual_test\Voreen\SDK\include\voreen/core/properties/shaderproperty.h(140): warning C4290: C++ exception specification ignored except to indicate a function is not __declspec(nothrow)
     1>S:\apps\dual_test\Voreen\SDK\include\voreen/core/processors/imageprocessor.h(58): warning C4290: C++ exception specification ignored except to indicate a function is not __declspec(nothrow)
     1>S:\apps\dual_test\Voreen\SDK\include\voreen/core/properties/transfuncproperty.h(205): warning C4290: C++ exception specification ignored except to indicate a function is not __declspec(nothrow)
     1>S:\apps\dual_test\Voreen\SDK\include\voreen/core/properties/transfuncproperty.h(212): warning C4290: C++ exception specification ignored except to indicate a function is not __declspec(nothrow)
     1>s:\apps\dual_test\voreen\sdk\include\voreen\core\datastructures\octree\volumeoctreebase.h(239): warning C4290: C++ exception specification ignored except to indicate a function is not __declspec(nothrow)
     1>s:\apps\dual_test\voreen\sdk\include\voreen\core\datastructures\octree\volumeoctreebase.h(269): warning C4290: C++ exception specification ignored except to indicate a function is not __declspec(nothrow)
     1>s:\apps\dual_test\voreen\sdk\include\voreen\core\datastructures\octree\volumeoctreebase.h(292): warning C4290: C++ exception specification ignored except to indicate a function is not __declspec(nothrow)
     1>s:\apps\dual_test\voreen\sdk\include\voreen\core\datastructures\octree\volumeoctreebase.h(312): warning C4290: C++ exception specification ignored except to indicate a function is not __declspec(nothrow)
     1>s:\apps\dual_test\voreen\sdk\include\voreen\core\datastructures\octree\octreebrickpoolmanager.h(67): warning C4290: C++ exception specification ignored except to indicate a function is not __declspec(nothrow)
     1>s:\apps\dual_test\voreen\sdk\include\voreen\core\datastructures\octree\octreebrickpoolmanager.h(79): warning C4290: C++ exception specification ignored except to indicate a function is not __declspec(nothrow)
     1>s:\apps\dual_test\voreen\sdk\include\voreen\core\datastructures\octree\octreebrickpoolmanager.h(86): warning C4290: C++ exception specification ignored except to indicate a function is not __declspec(nothrow)
     1>s:\apps\dual_test\voreen\sdk\include\voreen\core\datastructures\octree\octreebrickpoolmanager.h(134): warning C4290: C++ exception specification ignored except to indicate a function is not __declspec(nothrow)
     1>s:\apps\dual_test\voreen\sdk\include\voreen\core\datastructures\octree\octreebrickpoolmanager.h(137): warning C4290: C++ exception specification ignored except to indicate a function is not __declspec(nothrow)
     1>s:\apps\dual_test\voreen\sdk\include\voreen\core\datastructures\octree\octreebrickpoolmanager.h(167): warning C4290: C++ exception specification ignored except to indicate a function is not __declspec(nothrow)
     1>s:\apps\dual_test\voreen\sdk\include\voreen\core\datastructures\octree\octreebrickpoolmanager.h(170): warning C4290: C++ exception specification ignored except to indicate a function is not __declspec(nothrow)
     1>s:\apps\dual_test\voreen\sdk\include\voreen\core\datastructures\octree\octreebrickpoolmanager.h(171): warning C4290: C++ exception specification ignored except to indicate a function is not __declspec(nothrow)
     1>s:\apps\dual_test\voreen\sdk\include\voreen\core\datastructures\octree\octreebrickpoolmanager.h(200): warning C4290: C++ exception specification ignored except to indicate a function is not __declspec(nothrow)
     1>s:\apps\dual_test\voreen\sdk\include\voreen\core\datastructures\octree\octreebrickpoolmanager.h(201): warning C4290: C++ exception specification ignored except to indicate a function is not __declspec(nothrow)
     1>S:\apps\dual_test\Voreen\SDK\include\voreen/core/datastructures/volume/volumeatomic.h(61): warning C4290: C++ exception specification ignored except to indicate a function is not __declspec(nothrow)
                 S:\apps\dual_test\Voreen\SDK\include\voreen/core/datastructures/volume/volumeatomic.h(238) : see reference to class template instantiation 'voreen::VolumeAtomic<T>' being compiled
     1>S:\apps\dual_test\Voreen\SDK\include\voreen/core/datastructures/volume/volumeatomic.h(72): warning C4290: C++ exception specification ignored except to indicate a function is not __declspec(nothrow)
     1>S:\apps\dual_test\Voreen\SDK\include\voreen/core/datastructures/volume/volumeatomic.h(73): warning C4290: C++ exception specification ignored except to indicate a function is not __declspec(nothrow)
     1>S:\apps\dual_test\Voreen\SDK\include\voreen/core/datastructures/volume/volumeatomic.h(74): warning C4290: C++ exception specification ignored except to indicate a function is not __declspec(nothrow)
     1>S:\apps\dual_test\Voreen\SDK\include\voreen/core/datastructures/volume/volumeatomic.h(75): warning C4290: C++ exception specification ignored except to indicate a function is not __declspec(nothrow)
     1>S:\apps\dual_test\Voreen\SDK\include\voreen/core/datastructures/volume/volumeatomic.h(191): warning C4290: C++ exception specification ignored except to indicate a function is not __declspec(nothrow)
     1>S:\apps\dual_test\Voreen\SDK\include\voreen/core/datastructures/volume/volumeatomic.h(192): warning C4290: C++ exception specification ignored except to indicate a function is not __declspec(nothrow)
     1>S:\apps\dual_test\Voreen\SDK\include\voreen/core/datastructures/volume/volumeatomic.h(304): warning C4290: C++ exception specification ignored except to indicate a function is not __declspec(nothrow)
     1>S:\apps\dual_test\Voreen\SDK\include\voreen/core/datastructures/volume/volumeatomic.h(335): warning C4290: C++ exception specification ignored except to indicate a function is not __declspec(nothrow)
     1>S:\apps\dual_test\Voreen\SDK\include\voreen/core/datastructures/volume/volumeatomic.h(355): warning C4290: C++ exception specification ignored except to indicate a function is not __declspec(nothrow)
     1>S:\apps\dual_test\Voreen\SDK\include\voreen/core/datastructures/volume/volumeatomic.h(373): warning C4290: C++ exception specification ignored except to indicate a function is not __declspec(nothrow)
     1>S:\apps\dual_test\Voreen\SDK\include\voreen/core/datastructures/volume/volumeatomic.h(383): warning C4290: C++ exception specification ignored except to indicate a function is not __declspec(nothrow)
     1>S:\apps\dual_test\Voreen\SDK\include\voreen/core/datastructures/volume/volumeatomic.h(651): warning C4290: C++ exception specification ignored except to indicate a function is not __declspec(nothrow)
     1>S:\apps\dual_test\Voreen\SDK\include\voreen/core/datastructures/volume/volumeatomic.h(682): warning C4290: C++ exception specification ignored except to indicate a function is not __declspec(nothrow)
     1>S:\apps\dual_test\Voreen\SDK\include\voreen/core/datastructures/octree/volumeoctree.h(71): warning C4290: C++ exception specification ignored except to indicate a function is not __declspec(nothrow)
     1>S:\apps\dual_test\Voreen\SDK\include\voreen/core/datastructures/octree/volumeoctree.h(79): warning C4290: C++ exception specification ignored except to indicate a function is not __declspec(nothrow)
     1>S:\apps\dual_test\Voreen\SDK\include\voreen/core/datastructures/octree/volumeoctree.h(116): warning C4290: C++ exception specification ignored except to indicate a function is not __declspec(nothrow)
     1>S:\apps\dual_test\Voreen\SDK\include\voreen/core/datastructures/octree/volumeoctree.h(121): warning C4290: C++ exception specification ignored except to indicate a function is not __declspec(nothrow)
     1>S:\apps\dual_test\Voreen\SDK\include\voreen/core/datastructures/octree/volumeoctree.h(125): warning C4290: C++ exception specification ignored except to indicate a function is not __declspec(nothrow)
     1>S:\apps\dual_test\Voreen\SDK\include\voreen/core/datastructures/octree/volumeoctree.h(138): warning C4290: C++ exception specification ignored except to indicate a function is not __declspec(nothrow)
     1>S:\apps\dual_test\Voreen\SDK\include\voreen/core/datastructures/octree/volumeoctree.h(158): warning C4290: C++ exception specification ignored except to indicate a function is not __declspec(nothrow)
     1>S:\apps\dual_test\Voreen\SDK\include\voreen/core/datastructures/octree/volumeoctree.h(168): warning C4290: C++ exception specification ignored except to indicate a function is not __declspec(nothrow)
     1>S:\apps\dual_test\Voreen\SDK\include\voreen/core/datastructures/octree/volumeoctree.h(179): warning C4290: C++ exception specification ignored except to indicate a function is not __declspec(nothrow)
     1>S:\apps\dual_test\Voreen\SDK\include\voreen/core/datastructures/octree/volumeoctree.h(182): warning C4290: C++ exception specification ignored except to indicate a function is not __declspec(nothrow)
     1>S:\apps\dual_test\Voreen\SDK\include\voreen/core/datastructures/octree/volumeoctree.h(203): warning C4290: C++ exception specification ignored except to indicate a function is not __declspec(nothrow)
     1>S:\apps\dual_test\Voreen\SDK\include\voreen/core/datastructures/octree/volumeoctree.h(212): warning C4290: C++ exception specification ignored except to indicate a function is not __declspec(nothrow)
     1>S:\apps\dual_test\Voreen\SDK\include\voreen/core/datastructures/octree/octreeutils.h(112): warning C4800: 'const uint16_t *' : forcing value to bool 'true' or 'false' (performance warning)
     1>S:\apps\dual_test\Voreen\SDK\include\voreen/core/network/networkserializer.h(50): warning C4290: C++ exception specification ignored except to indicate a function is not __declspec(nothrow)
     1>S:\apps\dual_test\Voreen\SDK\include\voreen/core/network/networkserializer.h(57): warning C4290: C++ exception specification ignored except to indicate a function is not __declspec(nothrow)
     1>S:\apps\dual_test\Voreen\SDK\include\voreen/core/network/networkserializer.h(63): warning C4290: C++ exception specification ignored except to indicate a function is not __declspec(nothrow)
     1>S:\apps\dual_test\Voreen\SDK\include\voreen/core/network/workspace.h(81): warning C4290: C++ exception specification ignored except to indicate a function is not __declspec(nothrow)
     1>S:\apps\dual_test\Voreen\SDK\include\voreen/core/network/workspace.h(94): warning C4290: C++ exception specification ignored except to indicate a function is not __declspec(nothrow)
     1>S:\apps\dual_test\Voreen\SDK\include\voreen/core/utils/voreenpainter.h(95): warning C4290: C++ exception specification ignored except to indicate a function is not __declspec(nothrow)
     1>S:\apps\dual_test\Voreen\SDK\include\voreen/core/network/processornetwork.h(167): warning C4290: C++ exception specification ignored except to indicate a function is not __declspec(nothrow)
     1>S:\apps\dual_test\Voreen\SDK\include\voreen/core/ports/genericcoprocessorport.h(78): warning C4800: 'voreen::GeometryRendererBase *' : forcing value to bool 'true' or 'false' (performance warning)
                 S:\apps\dual_test\Voreen\SDK\include\voreen/core/ports/genericcoprocessorport.h(74) : while compiling class template member function 'void voreen::GenericCoProcessorPort<voreen::GeometryRendererBase>::setProcessor(voreen::Processor *)'
                 S:\apps\dual_test\Voreen\SDK\include\voreen/core/processors/geometryrendererbase.h(73) : see reference to class template instantiation 'voreen::GenericCoProcessorPort<voreen::GeometryRendererBase>' being compiled
       Link:
         C:\Program Files (x86)\Microsoft Visual Studio 12.0\VC\bin\x86_amd64\link.exe /ERRORREPORT:PROMPT /OUT:"S:\apps\dual_test\Voreen\x64\Debug\FionaVoreen.exe" /INCREMENTAL /NOLOGO /LIBPATH:.\SDK\lib64 /LIBPATH:..\FionaLib\lib64 xinput.lib FionaLibd.lib libovr64d.lib ZSpaceApi64.lib leapd.lib voreen_cored.lib tgtd.lib glew32s.lib glut32.lib vrpnd.lib kernel32.lib user32.lib gdi32.lib winspool.lib comdlg32.lib advapi32.lib shell32.lib ole32.lib oleaut32.lib uuid.lib odbc32.lib odbccp32.lib kernel32.lib user32.lib gdi32.lib winspool.lib comdlg32.lib advapi32.lib shell32.lib ole32.lib oleaut32.lib uuid.lib odbc32.lib odbccp32.lib /MANIFEST /MANIFESTUAC:"level='asInvoker' uiAccess='false'" /manifest:embed /DEBUG /PDB:"S:\apps\dual_test\Voreen\x64\Debug\FionaVoreen.pdb" /SUBSYSTEM:CONSOLE /TLBID:1 /DYNAMICBASE /NXCOMPAT /IMPLIB:"S:\apps\dual_test\Voreen\x64\Debug\FionaVoreen.lib" /MACHINE:X64 x64\Debug\FionaVoreen.obj
         x64\Debug\main.obj
         x64\Debug\VRVolumeAction.obj
         FionaVoreen.vcxproj -> S:\apps\dual_test\Voreen\x64\Debug\FionaVoreen.exe
     1>Done Building Project "S:\apps\dual_test\Voreen\FionaVoreen.vcxproj" (Build target(s)).

Build succeeded.

Time Elapsed 00:00:34.63
